<?xml version="1.0" encoding="UTF-8"?>
<!-- Generated by org.testng.reporters.JUnitXMLReporter -->
<testsuite ignored="1" hostname="DESKTOP-KOU1F3M" failures="0" tests="3" name="Default test" time="3.774" errors="0" timestamp="2022-03-07T18:35:14 IST">
  <testcase classname="com.qa.test.DeleteCalls" name="deleteExample" time="2.638"/>
  <testcase classname="com.qa.test.PostCalls" name="postExample2" time="0.547"/>
  <testcase classname="com.qa.test.PostCalls" name="postExample3" time="0.554"/>
  <testcase classname="com.qa.test.PostCalls" name="postExample1" time="0.0">
    <ignored/>
  </testcase> <!-- postExample1 -->
</testsuite> <!-- Default test -->
