<?xml version="1.0" encoding="UTF-8"?>
<!-- Generated by org.testng.reporters.JUnitXMLReporter -->
<testsuite ignored="1" hostname="DESKTOP-KOU1F3M" failures="0" tests="2" name="Default test" time="2.669" errors="0" timestamp="2022-03-07T14:14:58 IST">
  <testcase classname="com.qa.test.PostCalls" name="postExample2" time="2.06"/>
  <testcase classname="com.qa.test.PostCalls" name="postExample3" time="0.575"/>
  <testcase classname="com.qa.test.PostCalls" name="postExample1" time="0.0">
    <ignored/>
  </testcase> <!-- postExample1 -->
</testsuite> <!-- Default test -->
