<?xml version="1.0" encoding="UTF-8"?>
<testng-results ignored="1" total="4" passed="3" failed="0" skipped="0">
  <reporter-output>
  </reporter-output>
  <suite started-at="2022-03-07T18:35:10 IST" name="Default suite" finished-at="2022-03-07T18:35:14 IST" duration-ms="3774">
    <groups>
    </groups>
    <test started-at="2022-03-07T18:35:10 IST" name="Default test" finished-at="2022-03-07T18:35:14 IST" duration-ms="3774">
      <class name="com.qa.test.DeleteCalls">
        <test-method signature="deleteExample()[pri:0, instance:com.qa.test.DeleteCalls@1cbb87f3]" started-at="2022-03-07T18:35:10 IST" name="deleteExample" finished-at="2022-03-07T18:35:13 IST" duration-ms="2638" status="PASS">
          <reporter-output>
          </reporter-output>
        </test-method> <!-- deleteExample -->
        <test-method signature="postExample2()[pri:0, instance:com.qa.test.DeleteCalls@1cbb87f3]" started-at="2022-03-07T18:35:13 IST" name="postExample2" finished-at="2022-03-07T18:35:13 IST" duration-ms="547" status="PASS">
          <reporter-output>
          </reporter-output>
        </test-method> <!-- postExample2 -->
        <test-method signature="postExample3()[pri:0, instance:com.qa.test.DeleteCalls@1cbb87f3]" started-at="2022-03-07T18:35:13 IST" name="postExample3" finished-at="2022-03-07T18:35:14 IST" duration-ms="554" status="PASS">
          <reporter-output>
          </reporter-output>
        </test-method> <!-- postExample3 -->
      </class> <!-- com.qa.test.DeleteCalls -->
    </test> <!-- Default test -->
  </suite> <!-- Default suite -->
</testng-results>
