<?xml version="1.0" encoding="UTF-8"?>
<testng-results ignored="1" total="3" passed="2" failed="0" skipped="0">
  <reporter-output>
  </reporter-output>
  <suite started-at="2022-03-07T14:14:55 IST" name="Default suite" finished-at="2022-03-07T14:14:58 IST" duration-ms="2669">
    <groups>
    </groups>
    <test started-at="2022-03-07T14:14:55 IST" name="Default test" finished-at="2022-03-07T14:14:58 IST" duration-ms="2669">
      <class name="com.qa.test.PostCalls">
        <test-method signature="postExample2()[pri:0, instance:com.qa.test.PostCalls@31e5415e]" started-at="2022-03-07T14:14:55 IST" name="postExample2" finished-at="2022-03-07T14:14:57 IST" duration-ms="2060" status="PASS">
          <reporter-output>
          </reporter-output>
        </test-method> <!-- postExample2 -->
        <test-method signature="postExample3()[pri:0, instance:com.qa.test.PostCalls@31e5415e]" started-at="2022-03-07T14:14:57 IST" name="postExample3" finished-at="2022-03-07T14:14:58 IST" duration-ms="575" status="PASS">
          <reporter-output>
          </reporter-output>
        </test-method> <!-- postExample3 -->
      </class> <!-- com.qa.test.PostCalls -->
    </test> <!-- Default test -->
  </suite> <!-- Default suite -->
</testng-results>
